<?xml version="1.0" encoding="UTF-8"?>
<!-- Generated by org.testng.reporters.JUnitXMLReporter -->
<testsuite hostname="DESKTOP-FBH64LF" ignored="2" name="Default test" tests="1" failures="0" timestamp="18 Jun 2020 16:09:47 GMT" time="60.454" errors="0">
  <testcase name="testOrderStatusBooks" time="48.145" classname="com.bridgelabz.bookstore.admin.AdminServiceTest"/>
  <testcase name="testApproveBooks" time="0.0" classname="com.bridgelabz.bookstore.admin.AdminServiceTest">
    <ignored/>
  </testcase> <!-- testApproveBooks -->
  <testcase name="testRejectBooks" time="0.0" classname="com.bridgelabz.bookstore.admin.AdminServiceTest">
    <ignored/>
  </testcase> <!-- testRejectBooks -->
</testsuite> <!-- Default test -->
