<?xml version="1.0" encoding="UTF-8"?>
<!-- Generated by org.testng.reporters.JUnitXMLReporter -->
<testsuite hostname="DESKTOP-FBH64LF" ignored="1" name="Default test" tests="1" failures="0" timestamp="08 May 2020 06:45:06 GMT" time="29.082" errors="0">
  <testcase name="testUserRegistration" time="24.373" classname="com.bridgelabz.fundoo.UserService.UserServiceTest"/>
  <testcase name="testUserLogin" time="0.0" classname="com.bridgelabz.fundoo.UserService.UserServiceTest">
    <ignored/>
  </testcase> <!-- testUserLogin -->
</testsuite> <!-- Default test -->
