<?xml version="1.0" encoding="UTF-8"?>
<!-- Generated by org.testng.reporters.JUnitXMLReporter -->
<testsuite hostname="DESKTOP-FBH64LF" ignored="4" name="Default test" tests="1" failures="0" timestamp="21 May 2020 11:16:19 GMT" time="65.859" errors="0">
  <testcase name="testDeleteLabel" time="57.77" classname="com.bridgelabz.fundoo.LabelService.LabelServiceTest"/>
  <testcase name="testSearchAndAddLabel" time="0.0" classname="com.bridgelabz.fundoo.LabelService.LabelServiceTest">
    <ignored/>
  </testcase> <!-- testSearchAndAddLabel -->
  <testcase name="testEditLabel" time="0.0" classname="com.bridgelabz.fundoo.LabelService.LabelServiceTest">
    <ignored/>
  </testcase> <!-- testEditLabel -->
  <testcase name="testCreateLabel" time="0.0" classname="com.bridgelabz.fundoo.LabelService.LabelServiceTest">
    <ignored/>
  </testcase> <!-- testCreateLabel -->
  <testcase name="testAddLabel" time="0.0" classname="com.bridgelabz.fundoo.LabelService.LabelServiceTest">
    <ignored/>
  </testcase> <!-- testAddLabel -->
</testsuite> <!-- Default test -->
