<?xml version="1.0" encoding="UTF-8"?>
<testng-results skipped="0" failed="0" ignored="4" total="5" passed="1">
  <reporter-output>
  </reporter-output>
  <suite name="Default suite" duration-ms="65859" started-at="2020-05-21T11:15:14Z" finished-at="2020-05-21T11:16:19Z">
    <groups>
    </groups>
    <test name="Default test" duration-ms="65859" started-at="2020-05-21T11:15:14Z" finished-at="2020-05-21T11:16:19Z">
      <class name="com.bridgelabz.fundoo.LabelService.LabelServiceTest">
        <test-method status="PASS" signature="beforeTest()[pri:0, instance:com.bridgelabz.fundoo.LabelService.LabelServiceTest@3b938003]" name="beforeTest" is-config="true" duration-ms="4716" started-at="2020-05-21T11:15:14Z" finished-at="2020-05-21T11:15:18Z">
          <reporter-output>
          </reporter-output>
        </test-method> <!-- beforeTest -->
        <test-method status="PASS" signature="testDeleteLabel()[pri:0, instance:com.bridgelabz.fundoo.LabelService.LabelServiceTest@3b938003]" name="testDeleteLabel" duration-ms="57770" started-at="2020-05-21T11:15:18Z" finished-at="2020-05-21T11:16:16Z">
          <reporter-output>
          </reporter-output>
        </test-method> <!-- testDeleteLabel -->
        <test-method status="PASS" signature="testResult(org.testng.ITestResult)[pri:0, instance:com.bridgelabz.fundoo.LabelService.LabelServiceTest@3b938003]" name="testResult" is-config="true" duration-ms="723" started-at="2020-05-21T11:16:16Z" finished-at="2020-05-21T11:16:17Z">
          <params>
            <param index="0">
              <value>
                <![CDATA[[TestResult name=testDeleteLabel status=SUCCESS method=LabelServiceTest.testDeleteLabel()[pri:0, instance:com.bridgelabz.fundoo.LabelService.LabelServiceTest@3b938003] output={null}]]]>
              </value>
            </param>
          </params>
          <reporter-output>
          </reporter-output>
        </test-method> <!-- testResult -->
        <test-method status="PASS" signature="afterTest()[pri:0, instance:com.bridgelabz.fundoo.LabelService.LabelServiceTest@3b938003]" name="afterTest" is-config="true" duration-ms="2602" started-at="2020-05-21T11:16:17Z" finished-at="2020-05-21T11:16:19Z">
          <reporter-output>
          </reporter-output>
        </test-method> <!-- afterTest -->
      </class> <!-- com.bridgelabz.fundoo.LabelService.LabelServiceTest -->
    </test> <!-- Default test -->
  </suite> <!-- Default suite -->
</testng-results>
