<?xml version="1.0" encoding="UTF-8"?>
<testng-results skipped="0" failed="0" ignored="1" total="2" passed="1">
  <reporter-output>
    <line>
      <![CDATA[<br><img src='D:\FundooSelenium\FundooSelenium\screenshots\testCreateNote1.png' height='250' width='500' /></br>]]>
    </line>
    <line>
      <![CDATA[<br><img src='D:\FundooSelenium\FundooSelenium\screenshots\testCreateNote2.png' height='250' width='500' /></br>]]>
    </line>
    <line>
      <![CDATA[<br><img src='D:\FundooSelenium\FundooSelenium\screenshots\testCreateNote3.png' height='250' width='500' /></br>]]>
    </line>
  </reporter-output>
  <suite name="Default suite" duration-ms="91822" started-at="2020-05-12T12:27:36Z" finished-at="2020-05-12T12:29:08Z">
    <groups>
    </groups>
    <test name="Default test" duration-ms="91822" started-at="2020-05-12T12:27:36Z" finished-at="2020-05-12T12:29:08Z">
      <class name="com.bridgelabz.fundoo.NoteService.NoteServiceTest">
        <test-method status="PASS" signature="beforeTest()[pri:0, instance:com.bridgelabz.fundoo.NoteService.NoteServiceTest@4b168fa9]" name="beforeTest" is-config="true" duration-ms="4044" started-at="2020-05-12T12:27:36Z" finished-at="2020-05-12T12:27:40Z">
          <reporter-output>
          </reporter-output>
        </test-method> <!-- beforeTest -->
        <test-method status="PASS" signature="testCreateNote()[pri:0, instance:com.bridgelabz.fundoo.NoteService.NoteServiceTest@4b168fa9]" name="testCreateNote" duration-ms="86817" started-at="2020-05-12T12:27:40Z" finished-at="2020-05-12T12:29:07Z">
          <reporter-output>
            <line>
              <![CDATA[<br><img src='D:\FundooSelenium\FundooSelenium\screenshots\testCreateNote1.png' height='250' width='500' /></br>]]>
            </line>
            <line>
              <![CDATA[<br><img src='D:\FundooSelenium\FundooSelenium\screenshots\testCreateNote2.png' height='250' width='500' /></br>]]>
            </line>
            <line>
              <![CDATA[<br><img src='D:\FundooSelenium\FundooSelenium\screenshots\testCreateNote3.png' height='250' width='500' /></br>]]>
            </line>
          </reporter-output>
        </test-method> <!-- testCreateNote -->
        <test-method status="PASS" signature="afterTest()[pri:0, instance:com.bridgelabz.fundoo.NoteService.NoteServiceTest@4b168fa9]" name="afterTest" is-config="true" duration-ms="902" started-at="2020-05-12T12:29:07Z" finished-at="2020-05-12T12:29:08Z">
          <reporter-output>
          </reporter-output>
        </test-method> <!-- afterTest -->
      </class> <!-- com.bridgelabz.fundoo.NoteService.NoteServiceTest -->
    </test> <!-- Default test -->
  </suite> <!-- Default suite -->
</testng-results>
