<?xml version="1.0" encoding="UTF-8"?>
<testng-results skipped="0" failed="0" ignored="2" total="3" passed="1">
  <reporter-output>
  </reporter-output>
  <suite name="Default suite" duration-ms="60454" started-at="2020-06-18T16:08:47Z" finished-at="2020-06-18T16:09:47Z">
    <groups>
    </groups>
    <test name="Default test" duration-ms="60454" started-at="2020-06-18T16:08:47Z" finished-at="2020-06-18T16:09:47Z">
      <class name="com.bridgelabz.bookstore.admin.AdminServiceTest">
        <test-method status="PASS" signature="beforeTest()[pri:0, instance:com.bridgelabz.bookstore.admin.AdminServiceTest@6646153]" name="beforeTest" is-config="true" duration-ms="9289" started-at="2020-06-18T16:08:47Z" finished-at="2020-06-18T16:08:56Z">
          <reporter-output>
          </reporter-output>
        </test-method> <!-- beforeTest -->
        <test-method status="PASS" signature="testOrderStatusBooks()[pri:0, instance:com.bridgelabz.bookstore.admin.AdminServiceTest@6646153]" name="testOrderStatusBooks" duration-ms="48145" started-at="2020-06-18T16:08:56Z" finished-at="2020-06-18T16:09:44Z">
          <reporter-output>
          </reporter-output>
        </test-method> <!-- testOrderStatusBooks -->
        <test-method status="PASS" signature="testResult(org.testng.ITestResult)[pri:0, instance:com.bridgelabz.bookstore.admin.AdminServiceTest@6646153]" name="testResult" is-config="true" duration-ms="1162" started-at="2020-06-18T16:09:44Z" finished-at="2020-06-18T16:09:45Z">
          <params>
            <param index="0">
              <value>
                <![CDATA[[TestResult name=testOrderStatusBooks status=SUCCESS method=AdminServiceTest.testOrderStatusBooks()[pri:0, instance:com.bridgelabz.bookstore.admin.AdminServiceTest@6646153] output={null}]]]>
              </value>
            </param>
          </params>
          <reporter-output>
          </reporter-output>
        </test-method> <!-- testResult -->
        <test-method status="PASS" signature="afterTest()[pri:0, instance:com.bridgelabz.bookstore.admin.AdminServiceTest@6646153]" name="afterTest" is-config="true" duration-ms="1810" started-at="2020-06-18T16:09:45Z" finished-at="2020-06-18T16:09:47Z">
          <reporter-output>
          </reporter-output>
        </test-method> <!-- afterTest -->
      </class> <!-- com.bridgelabz.bookstore.admin.AdminServiceTest -->
    </test> <!-- Default test -->
  </suite> <!-- Default suite -->
</testng-results>
